<?xml version="1.0" encoding="UTF-8"?>
<testsuite name="choroba.example.rest.controller.TestPingController" tests="1" skipped="0" failures="0" errors="0" timestamp="2014-10-24T09:55:03" hostname="kamil-CELSIUS-W410" time="0.001">
  <properties/>
  <testcase name="test" classname="choroba.example.rest.controller.TestPingController" time="0.001"/>
  <system-out><![CDATA[]]></system-out>
  <system-err><![CDATA[]]></system-err>
</testsuite>
