<?xml version="1.0" encoding="UTF-8"?>
<testsuite name="choroba.example.rest.service.TestService" tests="1" skipped="0" failures="0" errors="0" timestamp="2014-10-24T09:55:03" hostname="kamil-CELSIUS-W410" time="0.098">
  <properties/>
  <testcase name="testGetUser" classname="choroba.example.rest.service.TestService" time="0.098"/>
  <system-out><![CDATA[]]></system-out>
  <system-err><![CDATA[]]></system-err>
</testsuite>
